2021-10-23 00:09:33.945526 sss open menu
2021-10-23 00:09:37.411413 sss chose calculator
2021-10-23 00:11:43.199299 545 open menu
2021-10-23 00:11:50.349066 545 chose calculator
2021-10-23 00:14:42.297443 edsdsd open menu
2021-10-23 00:14:44.449374 edsdsd chose calculator
2021-10-23 00:15:31.491835 dsdsd open menu
2021-10-23 00:15:37.539637 dsdsd chose calculator
2021-10-23 00:16:21.537200 sdsd open menu
2021-10-23 00:16:23.470136 sdsd chose calculator
2021-10-23 00:17:32.072892 dsdsd open menu
2021-10-23 00:17:33.940831 dsdsd chose calculator
2021-10-23 00:18:18.497375 dssd open menu
2021-10-23 00:18:20.334315 dssd chose calculator
2021-10-23 00:18:52.969248 asas open menu
2021-10-23 00:18:55.803155 asas chose calculator
2021-10-23 00:19:39.509725 sdsd open menu
2021-10-23 00:19:41.380665 sdsd chose calculator
2021-10-23 00:21:42.666699 dsdsd open menu
2021-10-23 00:21:45.123618 dsdsd chose calculator
2021-10-23 00:22:23.632359 dsdsd open menu
2021-10-23 00:22:27.894220 dsdsd chose calculator
2021-10-23 00:24:21.341511 sas open menu
2021-10-23 00:24:23.355444 sas chose calculator
2021-10-23 00:24:28.195286 sas Addition
2021-10-23 00:26:30.273295 sdsd open menu
2021-10-23 00:26:34.004172 sdsd chose calculator
2021-10-23 00:26:38.509025 sdsd 5Addition5.0
2021-10-23 00:26:42.237903 sdsd 10.0Addition3.0
2021-10-23 00:29:39.833096 dsdsdsd open menu
2021-10-23 00:29:41.957027 dsdsdsd chose calculator
2021-10-23 00:29:47.387849 dsdsdsd 5 Addition 5.0
2021-10-23 00:29:47.387849 dsdsdsd Equal=10.0
2021-10-23 00:34:52.529872 albert open menu
2021-10-23 00:34:54.795798 albert chose calculator
2021-10-23 00:35:01.736571 albert 5*3.0
2021-10-23 00:35:01.736571 albert =15.0
2021-10-23 00:35:04.363485 albert 15.0+2.0
2021-10-23 00:35:04.363485 albert =17.0
2021-10-23 00:35:07.086397 albert 17.0-1.0
2021-10-23 00:35:07.086397 albert =16.0
2021-10-23 00:35:12.979203 albert 16.0/66.0
2021-10-23 00:35:12.980203 albert =0.24242424242424243
2021-10-23 00:35:18.235031 albert 0.24242424242424243+5454.0
2021-10-23 00:35:18.236031 albert =5454.242424242424
2021-10-23 00:35:23.794850 albert 5454.242424242424*2.0
2021-10-23 00:35:23.795849 albert =10908.484848484848
2021-10-23 01:12:11.482708 aram open menu
2021-10-23 01:12:14.336382 aram choose converter
2021-10-23 02:36:46.624012 sasa open menu
2021-10-23 02:36:50.718622 sasa choose converter
2021-10-23 02:50:52.672508 ashot open main menu
2021-10-23 02:50:58.718592 ashot choose converter
2021-10-23 02:51:50.954657 ashot open main menu
2021-10-23 02:51:54.200312 ashot choose converter
2021-10-23 02:51:54.200312 ashot open converter menu
2021-10-23 02:52:08.822900 ashot open data converter
2021-10-23 03:00:48.801104 simon open main menu
2021-10-23 03:00:55.362753 simon choose converter
2021-10-23 03:00:55.362753 simon open converter menu
2021-10-23 03:01:06.635097 simon open data converter
2021-10-23 03:01:19.117047 simon wont convert 5444.0KB to MB`s
2021-10-23 03:01:19.117047 simon open converter menu
2021-10-23 03:04:41.032294 55 open main menu
2021-10-23 03:04:42.969367 55 choose converter
2021-10-23 03:04:42.969367 55 open converter menu
2021-10-23 03:04:46.475230 55 open data converter
2021-10-23 03:04:58.525738 55 wont convert 699.0B to KB`s
2021-10-23 03:04:58.525738 55 convert result = 0.68
2021-10-23 03:04:58.525738 55 open converter menu
2021-10-23 03:49:20.768688 ando open main menu
2021-10-23 03:49:27.516477 ando choose calculator
2021-10-23 03:49:36.418846 ando 55+156.0
2021-10-23 03:49:36.418846 ando =211.0
2021-10-23 03:49:44.023784 ando 211.0/56565.0
2021-10-23 03:49:44.023784 ando =0.0037302218686466894
2021-10-23 03:49:49.899315 ando 0.0037302218686466894+55555.0
2021-10-23 03:49:49.899315 ando =55555.00373022187
2021-10-23 03:49:55.266056 ando 55555.00373022187*3.0
2021-10-23 03:49:55.266056 ando =166665.0111906656
2021-10-23 03:50:36.344986 aramik open main menu
2021-10-23 03:50:39.737789 aramik choose converter
2021-10-23 03:50:39.737789 aramik open converter menu
2021-10-23 03:50:54.858921 aramik open data converter
2021-10-23 03:51:10.421358 aramik wont convert 555.0KB to B`s
2021-10-23 03:51:10.427864 aramik convert result = 568320.00
2021-10-23 03:51:10.427864 aramik open converter menu
2021-10-23 14:15:22.911026 arman open main menu
2021-10-23 14:15:36.437889 arman choose calculator
2021-10-23 14:15:46.025202 arman 5+8.0
2021-10-23 14:15:46.025202 arman =13.0
2021-10-23 14:15:51.238066 arman 13.0-6.0
2021-10-23 14:15:51.238066 arman =7.0
2021-10-24 01:41:35.455238 dfdf open main menu
2021-10-24 01:41:38.447174 dfdf choose Spell Checker
2021-10-24 01:42:07.515203 saa open main menu
2021-10-24 01:42:09.422552 saa choose Spell Checker
2021-10-24 01:43:03.398455 arman open main menu
2021-10-24 01:43:07.571108 arman choose Spell Checker
2021-10-24 01:44:24.200259 dadad open main menu
2021-10-24 01:44:31.148455 dadad choose Spell Checker
2021-10-24 01:47:18.002405 dsdasdas open main menu
2021-10-24 01:47:20.926364 dsdasdas choose Spell Checker
2021-10-24 01:50:19.273535 asasasas open main menu
2021-10-24 01:50:22.782455 asasasas choose Calculator
2021-10-24 01:50:38.151464 asasasas 5+4.0
2021-10-24 01:50:38.151464 asasasas =9.0
2021-10-24 01:52:58.396420 gfgfgh open main menu
2021-10-24 01:53:00.853417 gfgfgh choose Calculator
2021-10-24 01:53:05.771141 gfgfgh 5+5.0
2021-10-24 01:53:05.771141 gfgfgh =10.0
2021-10-24 01:57:42.349778 albert open main menu
2021-10-24 01:57:47.694182 albert choose Spell Checker
2021-10-24 01:57:47.694182 albert open Spell checker menu
2021-10-24 02:00:54.741493 asa open main menu
2021-10-24 02:00:57.688606 asa choose Spell Checker
2021-10-24 02:00:57.688606 asa open Spell checker menu
2021-10-24 02:01:00.947634 asa choose write text
2021-10-24 02:01:08.820529 asa write |>jhjhjhjhjddkkd dkdjdk dkkkjjjjjjjjjjjj
2021-10-24 02:07:36.634743 dfdf open main menu
2021-10-24 02:07:39.695536 dfdf choose Spell Checker
2021-10-24 02:07:39.695536 dfdf open Spell checker menu
2021-10-24 02:07:43.921681 dfdf choose Open text file
2021-10-24 02:07:49.482196 dfdf enter url |> text.txt
2021-10-24 02:07:49.482196 dfdf open file
2021-10-26 02:28:24.407343 Albert open main menu
2021-10-26 02:28:31.540741 Albert choose Calculator
2021-10-26 02:28:37.840747 Albert 5+3.0
2021-10-26 02:28:37.840747 Albert =8.0
2021-10-26 02:32:16.799030 Albert 8.0+5.0
2021-10-26 02:32:16.799030 Albert =13.0
2021-10-26 02:43:04.483490 ab open main menu
2021-10-26 02:43:11.623383 ab choose Converter
2021-10-26 02:43:11.623383 ab open converter menu
2021-10-26 03:08:44.356715 ddsd open main menu
2021-10-26 03:08:49.983492 ddsd choose Converter
2021-10-26 03:08:49.983492 ddsd open converter menu
2021-10-26 03:09:03.601977 ddsd open  Body Mass Index converter
2021-10-26 03:26:48.943380 gggg open main menu
2021-10-26 03:26:52.721584 gggg choose Converter
2021-10-26 03:26:52.721584 gggg open converter menu
2021-10-26 03:27:01.527960 gggg open  Body Mass Index converter
2021-10-26 03:28:23.100675 j open main menu
2021-10-26 03:28:26.693981 j choose Converter
2021-10-26 03:28:26.693981 j open converter menu
2021-10-26 03:28:29.701358 j open  Body Mass Index converter
2021-10-26 03:29:02.299801 s open main menu
2021-10-26 03:29:10.636122 s open main menu
2021-10-26 03:29:13.781533 s choose Converter
2021-10-26 03:29:13.781533 s open converter menu
2021-10-26 03:29:17.575524 s open  Body Mass Index converter
2021-10-26 03:30:16.176129 k open main menu
2021-10-26 03:30:18.914166 k choose Converter
2021-10-26 03:30:18.914166 k open converter menu
2021-10-26 03:30:24.011081 k open  Body Mass Index converter
2021-10-26 03:33:56.764981 5 open main menu
2021-10-26 03:33:58.791667 5 choose Converter
2021-10-26 03:33:58.791667 5 open converter menu
2021-10-26 03:34:01.803506 5 open  Body Mass Index converter
2021-10-27 02:07:08.892556 ab open main menu
2021-10-27 02:07:12.044462 ab choose Converter
2021-10-27 02:07:12.044462 ab open converter menu
2021-10-27 02:07:20.243447 ab open data converter
2021-10-27 02:07:50.048525 ab wont convert 1.0MB to KB`s
2021-10-27 02:07:50.048525 ab convert result = 1024.0
2021-10-27 02:07:50.048525 ab open converter menu
2021-10-27 02:10:30.853388 ab open main menu
2021-10-27 02:10:33.658631 ab choose Converter
2021-10-27 02:10:33.658631 ab open converter menu
2021-10-27 02:10:36.040993 ab open data converter
2021-10-27 02:10:52.123049 ab wont convert 1.0GB to MB`s
2021-10-27 02:10:52.123049 ab convert result = 1024.0
2021-10-27 02:10:52.123049 ab open converter menu
2021-10-27 02:12:42.712737 ghsg open main menu
2021-10-27 02:12:47.958768 ghsg choose Converter
2021-10-27 02:12:47.958768 ghsg open converter menu
2021-10-27 02:12:49.160740 ghsg open data converter
2021-10-27 02:13:03.983903 ghsg wont convert 44.0B to KB`s
2021-10-27 02:13:03.983903 ghsg convert result = 0.04296875
2021-10-27 02:14:03.242175 ghsg open converter menu
2021-10-27 02:59:07.685502 ddfd open main menu
2021-10-27 02:59:10.644856 ddfd choose Converter
2021-10-27 02:59:10.644856 ddfd open converter menu
2021-10-27 02:59:15.146020 ddfd open data converter
2021-10-27 02:59:28.953105 ddfd wont convert 1.0MB to GB`s
2021-10-27 03:02:31.080279 ab open main menu
2021-10-27 03:02:34.059483 ab choose Converter
2021-10-27 03:02:34.059483 ab open converter menu
2021-10-27 03:02:38.764236 ab open data converter
2021-10-27 03:02:55.163433 ab wont convert 1.0Kb to MB`s
2021-10-27 03:03:08.803671 as open main menu
2021-10-27 03:03:10.976302 as choose Converter
2021-10-27 03:03:10.991927 as open converter menu
2021-10-27 03:03:12.040548 as open data converter
2021-10-27 03:03:22.381454 as wont convert 1.0MB to B`s
2021-10-27 03:03:56.280124 add open main menu
2021-10-27 03:04:00.483537 add choose Converter
2021-10-27 03:04:00.483537 add open converter menu
2021-10-27 03:04:04.597354 add open data converter
2021-10-27 03:04:15.679428 add wont convert 1.0MB to B`s
2021-10-27 03:04:15.680428 add convert 1.0MB ( to B
2021-10-27 03:04:15.680428 add convert 1.0MB ( to B
2021-10-27 03:04:15.680428 add convert result = 1048576.0
2021-10-27 03:04:38.829655 add open converter menu
2021-10-27 03:12:10.564709 addd open main menu
2021-10-27 03:12:13.453545 addd choose Converter
2021-10-27 03:12:13.453545 addd open converter menu
2021-10-27 03:12:16.521242 addd open data converter
2021-10-27 03:12:36.558553 addd wont convert 1.0KB to B`s
2021-10-27 03:12:36.558553 addd convert 1.0KB data to B
2021-10-27 03:12:36.558553 addd convert 1.0KB data to B
2021-10-27 03:12:36.558553 addd convert result = 1024.0
2021-10-27 03:26:23.852052 ss open main menu
2021-10-27 03:27:17.028497 ss choose Converter
2021-10-27 03:27:17.028497 ss open converter menu
2021-10-27 03:27:19.333181 ss open data converter
2021-10-27 03:27:33.077275 ss wont convert 1.0MB to B`s
2021-10-27 03:27:33.077275 ss convert 1.0MB data to B
2021-10-27 03:27:33.077275 ss convert result = 1048576.0
2021-10-27 18:36:53.920089 aa open main menu
2021-10-27 18:36:57.777963 aa choose Converter
2021-10-27 18:36:57.778963 aa open converter menu
2021-10-27 18:37:58.510977 ddd open main menu
2021-10-27 18:38:00.706905 ddd choose Converter
2021-10-27 18:38:00.706905 ddd open converter menu
2021-10-27 18:41:47.215500 aaa open main menu
2021-10-27 18:41:49.433426 aaa choose Converter
2021-10-27 18:41:49.434426 aaa open converter menu
2021-10-27 18:48:47.454758 ss open main menu
2021-10-27 18:48:49.977676 ss choose Converter
2021-10-27 18:48:49.978676 ss open converter menu
2021-10-27 18:50:42.295004 ddd open main menu
2021-10-27 18:50:44.361935 ddd choose Converter
2021-10-27 18:50:44.361935 ddd open converter menu
2021-10-27 18:52:57.670576 dsd open main menu
2021-10-27 18:52:59.969501 dsd choose Converter
2021-10-27 18:52:59.970501 dsd open converter menu
2021-10-27 18:53:55.951671 fddfdf open main menu
2021-10-27 18:53:58.201598 fddfdf choose Converter
2021-10-27 18:53:58.201598 fddfdf open converter menu
2021-10-27 18:54:09.384231 dfdf open main menu
2021-10-27 18:54:11.842151 dfdf choose Converter
2021-10-27 18:54:11.842151 dfdf open converter menu
2021-10-27 18:54:15.874020 dfdf open converter menu
2021-10-27 18:58:07.455447 dfdf open main menu
2021-10-27 18:58:09.890368 dfdf choose Converter
2021-10-27 18:58:09.890368 dfdf open converter menu
2021-10-27 18:59:30.271740 dsds open main menu
2021-10-27 18:59:32.689660 dsds choose Converter
2021-10-27 18:59:32.689660 dsds open converter menu
2021-10-27 19:03:32.215828 ddd open main menu
2021-10-27 19:03:34.073768 ddd choose Converter
2021-10-27 19:03:34.073768 ddd open converter menu
2021-10-27 19:03:36.369693 ddd open converter menu
